<?xml version="1.0" encoding="UTF-8"?>
<!-- Generated by org.testng.reporters.JUnitReportReporter -->
<testsuite hostname="LAPTOP-M644PBGN" failures="0" tests="8" name="homepageTest.SportsTestCases" time="262.972" errors="0" timestamp="2021-03-18T18:43:47 IST" skipped="0">
  <testcase classname="homepageTest.SportsTestCases" name="testScrollDownFunctionality_20008" time="37.241"/>
  <system-out/>
  <testcase classname="homepageTest.SportsTestCases" name="checkIfCityElementIsActive_20001" time="25.151"/>
  <system-out/>
  <testcase classname="homepageTest.SportsTestCases" name="verifyIfTheListOfEventsAreDisplayed_20006" time="38.589"/>
  <system-out/>
  <testcase classname="homepageTest.SportsTestCases" name="getTheListOfAllSportsActivity_20007" time="38.839"/>
  <system-out/>
  <testcase classname="homepageTest.SportsTestCases" name="selectCityFromTheList_20002" time="23.074"/>
  <system-out/>
  <testcase classname="homepageTest.SportsTestCases" name="testSportsLinkButton_20003" time="24.700"/>
  <system-out/>
  <testcase classname="homepageTest.SportsTestCases" name="testIfUserIsAbleToChangeTheCity_20004" time="40.408"/>
  <system-out/>
  <testcase classname="homepageTest.SportsTestCases" name="testThisWeekendFunctionality_20005" time="34.970"/>
  <system-out/>
</testsuite> <!-- homepageTest.SportsTestCases -->
