<?xml version="1.0" encoding="UTF-8"?>
<!-- Generated by org.testng.reporters.JUnitReportReporter -->
<testsuite hostname="LAPTOP-M644PBGN" failures="0" tests="5" name="homepageTest.MoviesTestCases" time="164.301" errors="0" timestamp="2021-03-18T18:43:47 IST" skipped="0">
  <testcase classname="homepageTest.MoviesTestCases" name="testIsMoviesButtonPresent_20009" time="27.678"/>
  <system-out/>
  <testcase classname="homepageTest.MoviesTestCases" name="checkIfClearButtonIsActive_20010" time="40.903"/>
  <system-out/>
  <testcase classname="homepageTest.MoviesTestCases" name="testIfLanguagesButtonIsActive_20011" time="32.575"/>
  <system-out/>
  <testcase classname="homepageTest.MoviesTestCases" name="testIfLanguagesAreDisplayed_20012" time="32.385"/>
  <system-out/>
  <testcase classname="homepageTest.MoviesTestCases" name="printListOfAllTheLanguages_20013" time="30.760"/>
  <system-out/>
</testsuite> <!-- homepageTest.MoviesTestCases -->
