<?xml version="1.0" encoding="UTF-8"?>
<!-- Generated by org.testng.reporters.JUnitReportReporter -->
<testsuite hostname="LAPTOP-M644PBGN" failures="0" tests="7" name="homepageTest.SignInTestCases" time="204.119" errors="0" timestamp="2021-03-18T18:43:47 IST" skipped="2">
  <testcase classname="homepageTest.SignInTestCases" name="produceErrorWhileSignInWithoutEmail_20020" time="42.126"/>
  <system-out/>
  <testcase classname="homepageTest.SignInTestCases" name="testSignInButton_20014" time="34.956"/>
  <system-out/>
  <testcase classname="homepageTest.SignInTestCases" name="signInWithInValidEmail_20019" time="53.215"/>
  <system-out/>
  <testcase classname="homepageTest.SignInTestCases" name="testContinueWithGoogleButton_20016" time="43.984"/>
  <system-out/>
  <testcase classname="homepageTest.SignInTestCases" name="verifyIfContinueWithGoogleIsPresent_20015" time="29.838"/>
  <system-out/>
  <testcase classname="homepageTest.SignInTestCases" name="signInWithValidEmailAndInvalidPassword_20018">
    <skipped/>
  </testcase> <!-- signInWithValidEmailAndInvalidPassword_20018 -->
  <system-out/>
  <testcase classname="homepageTest.SignInTestCases" name="signInWithValidEmail_20017">
    <skipped/>
  </testcase> <!-- signInWithValidEmail_20017 -->
  <system-out/>
</testsuite> <!-- homepageTest.SignInTestCases -->
