<?xml version="1.0" encoding="UTF-8"?>
<!-- Generated by org.testng.reporters.JUnitReportReporter -->
<testsuite skipped="0" hostname="Fasid-Legion-Y540" name="homepageTest.Test" tests="1" failures="0" timestamp="2021-05-09T16:13:57 IST" time="0.004" errors="0">
  <testcase name="test" time="0.004" classname="homepageTest.Test"/>
  <system-out/>
</testsuite> <!-- homepageTest.Test -->
