<?xml version="1.0" encoding="UTF-8"?>
<!-- Generated by org.testng.reporters.JUnitReportReporter -->
<testsuite skipped="0" hostname="Fasid-Legion-Y540" name="homepageTest.SportsTestCases" tests="8" failures="0" timestamp="2021-05-08T21:33:48 IST" time="168.222" errors="0">
  <testcase name="checkIfCityElementIsActive_20001" time="12.781" classname="homepageTest.SportsTestCases"/>
  <system-out/>
  <testcase name="verifyIfTheListOfEventsAreDisplayed_20006" time="26.405" classname="homepageTest.SportsTestCases"/>
  <system-out/>
  <testcase name="testScrollDownFunctionality_20008" time="25.205" classname="homepageTest.SportsTestCases"/>
  <system-out/>
  <testcase name="getTheListOfAllSportsActivity_20007" time="26.774" classname="homepageTest.SportsTestCases"/>
  <system-out/>
  <testcase name="selectCityFromTheList_20002" time="15.646" classname="homepageTest.SportsTestCases"/>
  <system-out/>
  <testcase name="testSportsLinkButton_20003" time="15.598" classname="homepageTest.SportsTestCases"/>
  <system-out/>
  <testcase name="testIfUserIsAbleToChangeTheCity_20004" time="24.646" classname="homepageTest.SportsTestCases"/>
  <system-out/>
  <testcase name="testThisWeekendFunctionality_20005" time="21.167" classname="homepageTest.SportsTestCases"/>
  <system-out/>
</testsuite> <!-- homepageTest.SportsTestCases -->
