<?xml version="1.0" encoding="UTF-8"?>
<!-- Generated by org.testng.reporters.JUnitReportReporter -->
<testsuite skipped="2" hostname="Fasid-Legion-Y540" name="homepageTest.SignInTestCases" tests="7" failures="0" timestamp="2021-05-08T21:33:48 IST" time="141.117" errors="0">
  <testcase name="testContinueWithGoogleButton_20016" time="28.833" classname="homepageTest.SignInTestCases"/>
  <system-out/>
  <testcase name="produceErrorWhileSignInWithoutEmail_20020" time="33.192" classname="homepageTest.SignInTestCases"/>
  <system-out/>
  <testcase name="testSignInButton_20014" time="20.056" classname="homepageTest.SignInTestCases"/>
  <system-out/>
  <testcase name="signInWithInValidEmail_20019" time="39.247" classname="homepageTest.SignInTestCases"/>
  <system-out/>
  <testcase name="verifyIfContinueWithGoogleIsPresent_20015" time="19.789" classname="homepageTest.SignInTestCases"/>
  <system-out/>
  <testcase name="signInWithValidEmail_20017" classname="homepageTest.SignInTestCases">
    <skipped/>
  </testcase> <!-- signInWithValidEmail_20017 -->
  <system-out/>
  <testcase name="signInWithValidEmailAndInvalidPassword_20018" classname="homepageTest.SignInTestCases">
    <skipped/>
  </testcase> <!-- signInWithValidEmailAndInvalidPassword_20018 -->
  <system-out/>
</testsuite> <!-- homepageTest.SignInTestCases -->
